# command: /opt/miniconda3/bin/python /Users/shawwalters/eliza-workspace/benchmarks/OSWorld/scripts/python/run_multienv_eliza.py --result_dir /Users/shawwalters/eliza-workspace/benchmarks/benchmark_results/rg_20260212T125418Z_dc3923b8/osworld__osworld/run_osworld_20260212T125418Z_3_dac11dfb/output --model qwen/qwen3-32b --provider_name docker --observation_type screenshot_a11y_tree --max_tasks 1
# cwd: /Users/shawwalters/eliza-workspace/benchmarks/OSWorld
# run_id: run_osworld_20260212T125418Z_3_dac11dfb
Traceback (most recent call last):
  File "/opt/miniconda3/lib/python3.13/site-packages/lxml/cssselect.py", line 12, in <module>
    import cssselect as external_cssselect
ModuleNotFoundError: No module named 'cssselect'

During handling of the above exception, another exception occurred:

Traceback (most recent call last):
  File "/Users/shawwalters/eliza-workspace/benchmarks/OSWorld/scripts/python/run_multienv_eliza.py", line 60, in <module>
    from desktop_env.desktop_env import DesktopEnv
  File "/Users/shawwalters/eliza-workspace/benchmarks/OSWorld/desktop_env/desktop_env.py", line 13, in <module>
    from desktop_env.controllers.setup import SetupController
  File "/Users/shawwalters/eliza-workspace/benchmarks/OSWorld/desktop_env/controllers/setup.py", line 23, in <module>
    from desktop_env.evaluators.metrics.utils import compare_urls
  File "/Users/shawwalters/eliza-workspace/benchmarks/OSWorld/desktop_env/evaluators/metrics/__init__.py", line 8, in <module>
    from .chrome import (
    ...<17 lines>...
    )
  File "/Users/shawwalters/eliza-workspace/benchmarks/OSWorld/desktop_env/evaluators/metrics/chrome.py", line 13, in <module>
    from desktop_env.evaluators.metrics.utils import are_lists_equal, compare_urls
  File "/Users/shawwalters/eliza-workspace/benchmarks/OSWorld/desktop_env/evaluators/metrics/utils.py", line 16, in <module>
    import lxml.cssselect
  File "/opt/miniconda3/lib/python3.13/site-packages/lxml/cssselect.py", line 14, in <module>
    raise ImportError(
        'cssselect does not seem to be installed. '
        'See https://pypi.org/project/cssselect/')
ImportError: cssselect does not seem to be installed. See https://pypi.org/project/cssselect/
